<?xml version="1.0" encoding="UTF-8"?>
<!-- Generated by org.testng.reporters.JUnitReportReporter -->
<testsuite hostname="Teja-PC" name="com.hrms.TestScripts.TC_101_VerifyingLogin" tests="1" failures="0" timestamp="26 Jan 2019 17:14:06 GMT" time="11.795" errors="0">
  <testcase name="verifying_login" time="11.795" classname="com.hrms.TestScripts.TC_101_VerifyingLogin"/>
</testsuite> <!-- com.hrms.TestScripts.TC_101_VerifyingLogin -->
