<?xml version="1.0" encoding="UTF-8"?>
<!-- Generated by org.testng.reporters.JUnitReportReporter -->
<testsuite hostname="Teja-PC" name="com.hrms.TestScripts.TC_103_Del_Emp" tests="1" failures="0" timestamp="26 Jan 2019 17:14:06 GMT" time="22.587" errors="0">
  <testcase name="deleteemployee" time="22.587" classname="com.hrms.TestScripts.TC_103_Del_Emp"/>
</testsuite> <!-- com.hrms.TestScripts.TC_103_Del_Emp -->
